This is pdfTeX, Version 3.14159265-2.6-1.40.18 (TeX Live 2017/Arch Linux) (preloaded format=pdflatex 2017.8.12)  14 AUG 2017 19:55
entering extended mode
 restricted \write18 enabled.
 file:line:error style messages enabled.
 %&-line parsing enabled.
**build/main.tex
(./build/main.tex
LaTeX2e <2017-04-15>
Babel <3.12> and hyphenation patterns for 84 language(s) loaded.
(./program/main/preamble.tex (/usr/share/texmf-dist/tex/latex/base/article.cls
Document Class: article 2014/09/29 v1.4h Standard LaTeX document class
(/usr/share/texmf-dist/tex/latex/base/size12.clo
File: size12.clo 2014/09/29 v1.4h Standard LaTeX file (size option)
)
\c@part=\count79
\c@section=\count80
\c@subsection=\count81
\c@subsubsection=\count82
\c@paragraph=\count83
\c@subparagraph=\count84
\c@figure=\count85
\c@table=\count86
\abovecaptionskip=\skip41
\belowcaptionskip=\skip42
\bibindent=\dimen102
)
(/usr/share/texmf-dist/tex/latex/geometry/geometry.sty
Package: geometry 2010/09/12 v5.6 Page Geometry

(/usr/share/texmf-dist/tex/latex/graphics/keyval.sty
Package: keyval 2014/10/28 v1.15 key=value parser (DPC)
\KV@toks@=\toks14
)
(/usr/share/texmf-dist/tex/generic/oberdiek/ifpdf.sty
Package: ifpdf 2017/03/15 v3.2 Provides the ifpdf switch
)
(/usr/share/texmf-dist/tex/generic/oberdiek/ifvtex.sty
Package: ifvtex 2016/05/16 v1.6 Detect VTeX and its facilities (HO)
Package ifvtex Info: VTeX not detected.
)
(/usr/share/texmf-dist/tex/generic/ifxetex/ifxetex.sty
Package: ifxetex 2010/09/12 v0.6 Provides ifxetex conditional
)
\Gm@cnth=\count87
\Gm@cntv=\count88
\c@Gm@tempcnt=\count89
\Gm@bindingoffset=\dimen103
\Gm@wd@mp=\dimen104
\Gm@odd@mp=\dimen105
\Gm@even@mp=\dimen106
\Gm@layoutwidth=\dimen107
\Gm@layoutheight=\dimen108
\Gm@layouthoffset=\dimen109
\Gm@layoutvoffset=\dimen110
\Gm@dimlist=\toks15
)
(/usr/share/texmf-dist/tex/latex/tools/longtable.sty
Package: longtable 2014/10/28 v4.11 Multi-page Table package (DPC)
\LTleft=\skip43
\LTright=\skip44
\LTpre=\skip45
\LTpost=\skip46
\LTchunksize=\count90
\LTcapwidth=\dimen111
\LT@head=\box26
\LT@firsthead=\box27
\LT@foot=\box28
\LT@lastfoot=\box29
\LT@cols=\count91
\LT@rows=\count92
\c@LT@tables=\count93
\c@LT@chunks=\count94
\LT@p@ftn=\toks16
)
(/usr/share/texmf-dist/tex/latex/titlesec/titlesec.sty
Package: titlesec 2016/03/21 v2.10.2 Sectioning titles
\ttl@box=\box30
\beforetitleunit=\skip47
\aftertitleunit=\skip48
\ttl@plus=\dimen112
\ttl@minus=\dimen113
\ttl@toksa=\toks17
\titlewidth=\dimen114
\titlewidthlast=\dimen115
\titlewidthfirst=\dimen116
)) (build/main.aux)
\openout1 = `main.aux'.

LaTeX Font Info:    Checking defaults for OML/cmm/m/it on input line 2.
LaTeX Font Info:    ... okay on input line 2.
LaTeX Font Info:    Checking defaults for T1/cmr/m/n on input line 2.
LaTeX Font Info:    ... okay on input line 2.
LaTeX Font Info:    Checking defaults for OT1/cmr/m/n on input line 2.
LaTeX Font Info:    ... okay on input line 2.
LaTeX Font Info:    Checking defaults for OMS/cmsy/m/n on input line 2.
LaTeX Font Info:    ... okay on input line 2.
LaTeX Font Info:    Checking defaults for OMX/cmex/m/n on input line 2.
LaTeX Font Info:    ... okay on input line 2.
LaTeX Font Info:    Checking defaults for U/cmr/m/n on input line 2.
LaTeX Font Info:    ... okay on input line 2.

*geometry* driver: auto-detecting
*geometry* detected driver: pdftex
*geometry* verbose mode - [ preamble ] result:
* driver: pdftex
* paper: <default>
* layout: <same size as paper>
* layoutoffset:(h,v)=(0.0pt,0.0pt)
* modes: 
* h-part:(L,W,R)=(56.9055pt, 500.484pt, 56.9055pt)
* v-part:(T,H,B)=(56.9055pt, 681.15898pt, 56.9055pt)
* \paperwidth=614.295pt
* \paperheight=794.96999pt
* \textwidth=500.484pt
* \textheight=681.15898pt
* \oddsidemargin=-15.36449pt
* \evensidemargin=-15.36449pt
* \topmargin=-52.36449pt
* \headheight=12.0pt
* \headsep=25.0pt
* \topskip=12.0pt
* \footskip=14.22636pt
* \marginparwidth=44.0pt
* \marginparsep=10.0pt
* \columnsep=10.0pt
* \skip\footins=10.8pt plus 4.0pt minus 2.0pt
* \hoffset=0.0pt
* \voffset=0.0pt
* \mag=1000
* \@twocolumnfalse
* \@twosidefalse
* \@mparswitchfalse
* \@reversemarginfalse
* (1in=72.27pt=25.4mm, 1cm=28.453pt)

(build/main.toc
LaTeX Font Info:    External font `cmex10' loaded for size
(Font)              <12> on input line 2.
LaTeX Font Info:    External font `cmex10' loaded for size
(Font)              <8> on input line 2.
LaTeX Font Info:    External font `cmex10' loaded for size
(Font)              <6> on input line 2.
)
\tf@toc=\write3
\openout3 = `main.toc'.

 [1

{/var/lib/texmf/fonts/map/pdftex/updmap/pdftex.map}]
(./program/sessions/17_10.tex
Underfull \hbox (badness 1215) in paragraph at lines 10--11
[]|\OT1/cmr/m/it/12 Gravity Wave sig-na-tures of Elec-troweak Phase Tran-si-tio
n in Split
 []

) [2

] (./program/sessions/18_09.tex
Missing character: There is no √ in font cmr12!
Missing character: There is no º in font cmr12!
Missing character: There is no √ in font cmr12!
Missing character: There is no ° in font cmr12!
) [3

] (./program/sessions/18_11.tex
Missing character: There is no √ in font cmr12!
Missing character: There is no º in font cmr12!
)
[4

] (./program/sessions/18_12.tex [5

]) [6] (./program/sessions/19_00.tex
Missing character: There is no ‚ in font cmti12!
Missing character: There is no à in font cmti12!
Missing character: There is no ö in font cmti12!
Missing character: There is no ‚ in font cmti12!
Missing character: There is no à in font cmti12!
Missing character: There is no ö in font cmti12!
Missing character: There is no ≈ in font cmr12!
Missing character: There is no Å in font cmr12!
Missing character: There is no ‚ in font cmti12!
Missing character: There is no Ä in font cmti12!
Missing character: There is no ú in font cmti12!
Missing character: There is no ‚ in font cmti12!
Missing character: There is no Ä in font cmti12!
Missing character: There is no ù in font cmti12!

[7

]) [8] (./program/sessions/19_03.tex) [9

] (./program/sessions/19_07.tex)
[10

] (./program/sessions/19_08.tex [11

]) [12] (./program/sessions/21_04.tex
Missing character: There is no ‚ in font cmti12!
Missing character: There is no Ä in font cmti12!
Missing character: There is no ô in font cmti12!
Missing character: There is no ‚ in font cmti12!
Missing character: There is no Ä in font cmti12!
Missing character: There is no ô in font cmti12!
Missing character: There is no √ in font cmr12!
Missing character: There is no ° in font cmr12!
Missing character: There is no √ in font cmr12!
Missing character: There is no ≠ in font cmr12!
Missing character: There is no √ in font cmr12!
Missing character: There is no © in font cmr12!
Missing character: There is no √ in font cmr12!
Missing character: There is no ≥ in font cmr12!

[13

]
Missing character: There is no √ in font cmr12!
Missing character: There is no ñ in font cmr12!
Missing character: There is no ‚ in font cmti12!
Missing character: There is no à in font cmti12!
Missing character: There is no ö in font cmti12!
 [14]) [15] (./program/sessions/21_05.tex) [16

]
(./program/sessions/21_06.tex) [17

] (./program/sessions/21_16.tex) [18

]
(./program/sessions/21_17.tex
Missing character: There is no √ in font cmr12!
Missing character: There is no º in font cmr12!
Missing character: There is no √ in font cmr12!
Missing character: There is no © in font cmr12!
 [19

]) [20] (./program/sessions/21_18.tex
Missing character: There is no √ in font cmr12!
Missing character: There is no º in font cmr12!
Missing character: There is no √ in font cmr12!
Missing character: There is no © in font cmr12!
)
[21

]
Overfull \hbox (12.27539pt too wide) in paragraph at lines 65--65
|[]\OT1/cmr/bx/n/14.4 Mini-workshop:Correlations and Fluc-tu-a-tions in Rel-a-t
ivis-tic Heavy
 []

(./program/sessions/21_20.tex) [22

] (./program/sessions/22_23.tex
Missing character: There is no ‚ in font cmti12!
Missing character: There is no Ä in font cmti12!
Missing character: There is no ô in font cmti12!
Missing character: There is no √ in font cmr12!
Missing character: There is no ≠ in font cmr12!
) [23

]
(./program/sessions/22_25.tex) [24

] (./program/sessions/23_02.tex) [25

]
(./program/sessions/23_21.tex
Missing character: There is no √ in font cmr12!
Missing character: There is no ≠ in font cmr12!
) [26

] (./program/sessions/24_01.tex
Missing character: There is no √ in font cmr12!
Missing character: There is no † in font cmr12!
) [27

]
(./program/sessions/24_13.tex) [28

] (./program/sessions/24_14.tex) [29

]
(./program/sessions/24_22.tex) [30

] (./program/sessions/25_15.tex) [31

]
(./program/sessions/28_19.tex) [32

] (./program/sessions/28_24.tex
Missing character: There is no √ in font cmr12!
Missing character: There is no † in font cmr12!
Missing character: There is no √ in font cmr12!
Missing character: There is no © in font cmr12!
) [33

]
(./program/sessions/28_26.tex) [34

] (build/main.aux) ) 
Here is how much of TeX's memory you used:
 1230 strings out of 492990
 16400 string characters out of 6138688
 96420 words of memory out of 5000000
 4745 multiletter control sequences out of 15000+600000
 8241 words of font info for 29 fonts, out of 8000000 for 9000
 1141 hyphenation exceptions out of 8191
 27i,8n,32p,236b,200s stack positions out of 5000i,500n,10000p,200000b,80000s
</usr/share/texmf-dist/fonts/type1/public/amsfonts/cm/cmbx1
2.pfb></usr/share/texmf-dist/fonts/type1/public/amsfonts/cm/cmmi12.pfb></usr/sh
are/texmf-dist/fonts/type1/public/amsfonts/cm/cmr12.pfb></usr/share/texmf-dist/
fonts/type1/public/amsfonts/cm/cmsy10.pfb></usr/share/texmf-dist/fonts/type1/pu
blic/amsfonts/cm/cmti12.pfb>
Output written on build/main.pdf (34 pages, 115112 bytes).
PDF statistics:
 133 PDF objects out of 1000 (max. 8388607)
 91 compressed objects within 1 object stream
 0 named destinations out of 1000 (max. 500000)
 1 words of extra memory for PDF output out of 10000 (max. 10000000)

